<?xml version="1.0" encoding="UTF-8"?>
<coverage generated="1566339488820" clover="3.2.0">
  <project timestamp="1566339488820" name="All files">
    <metrics statements="201" coveredstatements="125" conditionals="59" coveredconditionals="29" methods="145" coveredmethods="85" elements="405" coveredelements="239" complexity="0" loc="201" ncloc="201" packages="1" files="2" classes="2"/>
    <file name="Datum.ts" path="/Users/brandon/Documents/github/nullpub/datum/src/Datum.ts">
      <metrics statements="154" coveredstatements="125" conditionals="47" coveredconditionals="29" methods="124" coveredmethods="85"/>
      <line num="14" count="1" type="stmt"/>
      <line num="19" count="1" type="stmt"/>
      <line num="24" count="1" type="stmt"/>
      <line num="27" count="1" type="stmt"/>
      <line num="42" count="1" type="stmt"/>
      <line num="89" count="1" type="stmt"/>
      <line num="98" count="1" type="stmt"/>
      <line num="107" count="56" type="stmt"/>
      <line num="117" count="116" type="stmt"/>
      <line num="125" count="28" type="stmt"/>
      <line num="130" count="12" type="stmt"/>
      <line num="137" count="1" type="stmt"/>
      <line num="138" count="3" type="cond" truecount="4" falsecount="0"/>
      <line num="143" count="1" type="stmt"/>
      <line num="148" count="180" type="stmt"/>
      <line num="149" count="183" type="stmt"/>
      <line num="151" count="54" type="stmt"/>
      <line num="153" count="36" type="stmt"/>
      <line num="155" count="29" type="stmt"/>
      <line num="157" count="64" type="stmt"/>
      <line num="164" count="1" type="stmt"/>
      <line num="166" count="2" type="stmt"/>
      <line num="168" count="1" type="stmt"/>
      <line num="170" count="0" type="stmt"/>
      <line num="172" count="0" type="stmt"/>
      <line num="174" count="1" type="stmt"/>
      <line num="182" count="2" type="stmt"/>
      <line num="184" count="16" type="cond" truecount="11" falsecount="0"/>
      <line num="198" count="2" type="stmt"/>
      <line num="200" count="8" type="stmt"/>
      <line num="203" count="0" type="stmt"/>
      <line num="210" count="0" type="stmt"/>
      <line num="213" count="0" type="stmt"/>
      <line num="214" count="0" type="stmt"/>
      <line num="217" count="5" type="stmt"/>
      <line num="220" count="0" type="stmt"/>
      <line num="221" count="3" type="stmt"/>
      <line num="235" count="1" type="stmt"/>
      <line num="236" count="1" type="stmt"/>
      <line num="239" count="18" type="stmt"/>
      <line num="241" count="4" type="stmt"/>
      <line num="243" count="4" type="stmt"/>
      <line num="246" count="5" type="stmt"/>
      <line num="251" count="5" type="stmt"/>
      <line num="261" count="1" type="stmt"/>
      <line num="262" count="2" type="stmt"/>
      <line num="267" count="1" type="stmt"/>
      <line num="277" count="1" type="stmt"/>
      <line num="278" count="19" type="stmt"/>
      <line num="285" count="1" type="stmt"/>
      <line num="286" count="19" type="stmt"/>
      <line num="293" count="1" type="stmt"/>
      <line num="294" count="21" type="stmt"/>
      <line num="301" count="1" type="stmt"/>
      <line num="302" count="22" type="stmt"/>
      <line num="307" count="1" type="stmt"/>
      <line num="308" count="0" type="cond" truecount="0" falsecount="2"/>
      <line num="313" count="11" type="stmt"/>
      <line num="315" count="12" type="stmt"/>
      <line num="320" count="3" type="stmt"/>
      <line num="321" count="3" type="stmt"/>
      <line num="324" count="0" type="stmt"/>
      <line num="325" count="2" type="stmt"/>
      <line num="333" count="3" type="stmt"/>
      <line num="336" count="3" type="stmt"/>
      <line num="341" count="1" type="stmt"/>
      <line num="342" count="28" type="stmt"/>
      <line num="345" count="3" type="stmt"/>
      <line num="346" count="11" type="stmt"/>
      <line num="352" count="1" type="stmt"/>
      <line num="353" count="16" type="stmt"/>
      <line num="356" count="4" type="stmt"/>
      <line num="360" count="4" type="stmt"/>
      <line num="363" count="1" type="stmt"/>
      <line num="364" count="1" type="stmt"/>
      <line num="367" count="4" type="stmt"/>
      <line num="370" count="1" type="stmt"/>
      <line num="371" count="1" type="stmt"/>
      <line num="378" count="1" type="stmt"/>
      <line num="379" count="8" type="stmt"/>
      <line num="384" count="1" type="stmt"/>
      <line num="385" count="2" type="stmt"/>
      <line num="390" count="1" type="stmt"/>
      <line num="391" count="2" type="stmt"/>
      <line num="396" count="1" type="stmt"/>
      <line num="397" count="2" type="stmt"/>
      <line num="402" count="1" type="stmt"/>
      <line num="406" count="0" type="stmt"/>
      <line num="407" count="0" type="stmt"/>
      <line num="408" count="0" type="stmt"/>
      <line num="409" count="0" type="stmt"/>
      <line num="410" count="0" type="stmt"/>
      <line num="416" count="1" type="stmt"/>
      <line num="419" count="0" type="stmt"/>
      <line num="420" count="0" type="stmt"/>
      <line num="421" count="0" type="stmt"/>
      <line num="422" count="0" type="stmt"/>
      <line num="423" count="0" type="stmt"/>
      <line num="429" count="1" type="stmt"/>
      <line num="430" count="27" type="stmt"/>
      <line num="435" count="1" type="stmt"/>
      <line num="436" count="2" type="stmt"/>
      <line num="441" count="1" type="stmt"/>
      <line num="442" count="6" type="stmt"/>
      <line num="445" count="0" type="cond" truecount="0" falsecount="2"/>
      <line num="446" count="4" type="cond" truecount="2" falsecount="0"/>
      <line num="449" count="1" type="stmt"/>
      <line num="457" count="1" type="stmt"/>
      <line num="460" count="6" type="stmt"/>
      <line num="465" count="6" type="stmt"/>
      <line num="471" count="1" type="stmt"/>
      <line num="472" count="9" type="stmt"/>
      <line num="475" count="0" type="cond" truecount="0" falsecount="2"/>
      <line num="476" count="6" type="cond" truecount="2" falsecount="0"/>
      <line num="482" count="1" type="stmt"/>
      <line num="483" count="3" type="stmt"/>
      <line num="488" count="1" type="stmt"/>
      <line num="491" count="3" type="stmt"/>
      <line num="492" count="2" type="stmt"/>
      <line num="499" count="1" type="stmt"/>
      <line num="500" count="3" type="stmt"/>
      <line num="505" count="1" type="stmt"/>
      <line num="509" count="0" type="stmt"/>
      <line num="510" count="0" type="stmt"/>
      <line num="511" count="0" type="stmt"/>
      <line num="512" count="0" type="cond" truecount="0" falsecount="2"/>
      <line num="513" count="0" type="cond" truecount="0" falsecount="2"/>
      <line num="519" count="1" type="stmt"/>
      <line num="523" count="0" type="stmt"/>
      <line num="524" count="0" type="stmt"/>
      <line num="529" count="0" type="cond" truecount="0" falsecount="2"/>
      <line num="535" count="1" type="stmt"/>
      <line num="540" count="1" type="stmt"/>
      <line num="594" count="1" type="stmt"/>
      <line num="600" count="1" type="stmt"/>
      <line num="604" count="1" type="stmt"/>
      <line num="608" count="1" type="stmt"/>
      <line num="612" count="1" type="stmt"/>
      <line num="616" count="1" type="stmt"/>
      <line num="620" count="1" type="stmt"/>
      <line num="624" count="1" type="stmt"/>
      <line num="628" count="1" type="stmt"/>
      <line num="632" count="1" type="stmt"/>
      <line num="636" count="1" type="stmt"/>
      <line num="640" count="1" type="stmt"/>
      <line num="644" count="1" type="stmt"/>
      <line num="648" count="1" type="stmt"/>
      <line num="652" count="1" type="stmt"/>
      <line num="656" count="1" type="stmt"/>
      <line num="660" count="1" type="stmt"/>
      <line num="664" count="1" type="stmt"/>
      <line num="668" count="1" type="stmt"/>
      <line num="672" count="1" type="stmt"/>
      <line num="676" count="1" type="stmt"/>
    </file>
    <file name="DatumEither.ts" path="/Users/brandon/Documents/github/nullpub/datum/src/DatumEither.ts">
      <metrics statements="47" coveredstatements="0" conditionals="12" coveredconditionals="0" methods="21" coveredmethods="0"/>
      <line num="21" count="0" type="stmt"/>
      <line num="31" count="0" type="stmt"/>
      <line num="33" count="0" type="stmt"/>
      <line num="35" count="0" type="stmt"/>
      <line num="66" count="0" type="stmt"/>
      <line num="91" count="0" type="stmt"/>
      <line num="99" count="0" type="stmt"/>
      <line num="104" count="0" type="stmt"/>
      <line num="109" count="0" type="stmt"/>
      <line num="110" count="0" type="cond" truecount="0" falsecount="2"/>
      <line num="115" count="0" type="stmt"/>
      <line num="116" count="0" type="cond" truecount="0" falsecount="2"/>
      <line num="121" count="0" type="stmt"/>
      <line num="122" count="0" type="stmt"/>
      <line num="125" count="0" type="stmt"/>
      <line num="126" count="0" type="stmt"/>
      <line num="132" count="0" type="stmt"/>
      <line num="133" count="0" type="stmt"/>
      <line num="138" count="0" type="stmt"/>
      <line num="140" count="0" type="stmt"/>
      <line num="145" count="0" type="stmt"/>
      <line num="150" count="0" type="stmt"/>
      <line num="151" count="0" type="stmt"/>
      <line num="154" count="0" type="cond" truecount="0" falsecount="2"/>
      <line num="155" count="0" type="cond" truecount="0" falsecount="2"/>
      <line num="161" count="0" type="stmt"/>
      <line num="167" count="0" type="stmt"/>
      <line num="172" count="0" type="stmt"/>
      <line num="176" count="0" type="stmt"/>
      <line num="177" count="0" type="stmt"/>
      <line num="178" count="0" type="stmt"/>
      <line num="179" count="0" type="stmt"/>
      <line num="180" count="0" type="cond" truecount="0" falsecount="2"/>
      <line num="181" count="0" type="cond" truecount="0" falsecount="2"/>
      <line num="195" count="0" type="stmt"/>
      <line num="201" count="0" type="stmt"/>
      <line num="205" count="0" type="stmt"/>
      <line num="209" count="0" type="stmt"/>
      <line num="213" count="0" type="stmt"/>
      <line num="217" count="0" type="stmt"/>
      <line num="221" count="0" type="stmt"/>
      <line num="225" count="0" type="stmt"/>
      <line num="229" count="0" type="stmt"/>
      <line num="233" count="0" type="stmt"/>
      <line num="237" count="0" type="stmt"/>
      <line num="241" count="0" type="stmt"/>
      <line num="245" count="0" type="stmt"/>
    </file>
  </project>
</coverage>
