{"/Users/brandon/Documents/github/nullpub/datum/src/Datum.ts": {"path":"/Users/brandon/Documents/github/nullpub/datum/src/Datum.ts","statementMap":{"0":{"start":{"line":14,"column":0},"end":{"line":14,"column":59}},"1":{"start":{"line":19,"column":0},"end":{"line":19,"column":69}},"2":{"start":{"line":24,"column":0},"end":{"line":24,"column":50}},"3":{"start":{"line":27,"column":0},"end":{"line":27,"column":46}},"4":{"start":{"line":42,"column":13},"end":{"line":42,"column":38}},"5":{"start":{"line":89,"column":13},"end":{"line":91,"column":2}},"6":{"start":{"line":98,"column":13},"end":{"line":100,"column":2}},"7":{"start":{"line":107,"column":13},"end":{"line":110,"column":3}},"8":{"start":{"line":107,"column":59},"end":{"line":110,"column":2}},"9":{"start":{"line":117,"column":13},"end":{"line":120,"column":3}},"10":{"start":{"line":117,"column":59},"end":{"line":120,"column":2}},"11":{"start":{"line":125,"column":13},"end":{"line":125,"column":42}},"12":{"start":{"line":125,"column":34},"end":{"line":125,"column":41}},"13":{"start":{"line":130,"column":13},"end":{"line":130,"column":42}},"14":{"start":{"line":130,"column":34},"end":{"line":130,"column":41}},"15":{"start":{"line":137,"column":13},"end":{"line":138,"column":55}},"16":{"start":{"line":138,"column":2},"end":{"line":138,"column":54}},"17":{"start":{"line":143,"column":13},"end":{"line":159,"column":2}},"18":{"start":{"line":148,"column":5},"end":{"line":159,"column":1}},"19":{"start":{"line":149,"column":2},"end":{"line":158,"column":null}},"20":{"start":{"line":151,"column":6},"end":{"line":151,"column":25}},"21":{"start":{"line":153,"column":6},"end":{"line":153,"column":25}},"22":{"start":{"line":155,"column":6},"end":{"line":155,"column":33}},"23":{"start":{"line":157,"column":6},"end":{"line":157,"column":33}},"24":{"start":{"line":164,"column":13},"end":{"line":177,"column":3}},"25":{"start":{"line":164,"column":59},"end":{"line":177,"column":2}},"26":{"start":{"line":166,"column":4},"end":{"line":175,"column":null}},"27":{"start":{"line":168,"column":8},"end":{"line":168,"column":25}},"28":{"start":{"line":170,"column":8},"end":{"line":170,"column":25}},"29":{"start":{"line":172,"column":8},"end":{"line":172,"column":46}},"30":{"start":{"line":174,"column":8},"end":{"line":174,"column":46}},"31":{"start":{"line":182,"column":13},"end":{"line":189,"column":3}},"32":{"start":{"line":182,"column":53},"end":{"line":189,"column":2}},"33":{"start":{"line":184,"column":4},"end":{"line":188,"column":34}},"34":{"start":{"line":198,"column":13},"end":{"line":224,"column":3}},"35":{"start":{"line":198,"column":74},"end":{"line":224,"column":2}},"36":{"start":{"line":200,"column":4},"end":{"line":223,"column":9}},"37":{"start":{"line":203,"column":8},"end":{"line":208,"column":13}},"38":{"start":{"line":210,"column":8},"end":{"line":215,"column":13}},"39":{"start":{"line":213,"column":15},"end":{"line":213,"column":38}},"40":{"start":{"line":214,"column":15},"end":{"line":214,"column":38}},"41":{"start":{"line":217,"column":8},"end":{"line":222,"column":13}},"42":{"start":{"line":220,"column":15},"end":{"line":220,"column":38}},"43":{"start":{"line":221,"column":15},"end":{"line":221,"column":38}},"44":{"start":{"line":236,"column":2},"end":{"line":253,"column":4}},"45":{"start":{"line":239,"column":6},"end":{"line":252,"column":11}},"46":{"start":{"line":241,"column":14},"end":{"line":241,"column":74}},"47":{"start":{"line":241,"column":38},"end":{"line":241,"column":39}},"48":{"start":{"line":241,"column":47},"end":{"line":241,"column":49}},"49":{"start":{"line":241,"column":57},"end":{"line":241,"column":59}},"50":{"start":{"line":241,"column":67},"end":{"line":241,"column":69}},"51":{"start":{"line":243,"column":14},"end":{"line":243,"column":73}},"52":{"start":{"line":243,"column":38},"end":{"line":243,"column":39}},"53":{"start":{"line":243,"column":47},"end":{"line":243,"column":48}},"54":{"start":{"line":243,"column":56},"end":{"line":243,"column":58}},"55":{"start":{"line":243,"column":66},"end":{"line":243,"column":68}},"56":{"start":{"line":246,"column":10},"end":{"line":247,"column":null}},"57":{"start":{"line":246,"column":34},"end":{"line":246,"column":35}},"58":{"start":{"line":246,"column":43},"end":{"line":246,"column":44}},"59":{"start":{"line":246,"column":51},"end":{"line":246,"column":66}},"60":{"start":{"line":246,"column":74},"end":{"line":246,"column":76}},"61":{"start":{"line":251,"column":10},"end":{"line":251,"column":80}},"62":{"start":{"line":251,"column":34},"end":{"line":251,"column":35}},"63":{"start":{"line":251,"column":43},"end":{"line":251,"column":44}},"64":{"start":{"line":251,"column":52},"end":{"line":251,"column":53}},"65":{"start":{"line":251,"column":60},"end":{"line":251,"column":75}},"66":{"start":{"line":235,"column":0},"end":{"line":235,"column":16}},"67":{"start":{"line":261,"column":13},"end":{"line":262,"column":18}},"68":{"start":{"line":262,"column":2},"end":{"line":262,"column":17}},"69":{"start":{"line":267,"column":13},"end":{"line":270,"column":3}},"70":{"start":{"line":267,"column":69},"end":{"line":269,"column":null}},"71":{"start":{"line":277,"column":13},"end":{"line":278,"column":24}},"72":{"start":{"line":278,"column":2},"end":{"line":278,"column":23}},"73":{"start":{"line":285,"column":13},"end":{"line":286,"column":24}},"74":{"start":{"line":286,"column":2},"end":{"line":286,"column":23}},"75":{"start":{"line":293,"column":13},"end":{"line":294,"column":24}},"76":{"start":{"line":294,"column":2},"end":{"line":294,"column":23}},"77":{"start":{"line":301,"column":13},"end":{"line":302,"column":24}},"78":{"start":{"line":302,"column":2},"end":{"line":302,"column":23}},"79":{"start":{"line":307,"column":13},"end":{"line":308,"column":33}},"80":{"start":{"line":308,"column":2},"end":{"line":308,"column":32}},"81":{"start":{"line":313,"column":13},"end":{"line":315,"column":65}},"82":{"start":{"line":313,"column":72},"end":{"line":315,"column":64}},"83":{"start":{"line":315,"column":8},"end":{"line":315,"column":64}},"84":{"start":{"line":320,"column":13},"end":{"line":326,"column":8}},"85":{"start":{"line":320,"column":37},"end":{"line":326,"column":7}},"86":{"start":{"line":321,"column":2},"end":{"line":326,"column":7}},"87":{"start":{"line":324,"column":9},"end":{"line":324,"column":23}},"88":{"start":{"line":325,"column":9},"end":{"line":325,"column":23}},"89":{"start":{"line":333,"column":13},"end":{"line":336,"column":69}},"90":{"start":{"line":333,"column":54},"end":{"line":336,"column":68}},"91":{"start":{"line":336,"column":2},"end":{"line":336,"column":68}},"92":{"start":{"line":341,"column":13},"end":{"line":347,"column":7}},"93":{"start":{"line":342,"column":2},"end":{"line":347,"column":7}},"94":{"start":{"line":345,"column":9},"end":{"line":345,"column":22}},"95":{"start":{"line":346,"column":9},"end":{"line":346,"column":22}},"96":{"start":{"line":352,"column":12},"end":{"line":373,"column":8}},"97":{"start":{"line":353,"column":2},"end":{"line":373,"column":8}},"98":{"start":{"line":356,"column":6},"end":{"line":357,"column":null}},"99":{"start":{"line":360,"column":6},"end":{"line":365,"column":11}},"100":{"start":{"line":363,"column":13},"end":{"line":363,"column":26}},"101":{"start":{"line":364,"column":13},"end":{"line":364,"column":26}},"102":{"start":{"line":367,"column":6},"end":{"line":372,"column":11}},"103":{"start":{"line":370,"column":13},"end":{"line":370,"column":26}},"104":{"start":{"line":371,"column":13},"end":{"line":371,"column":26}},"105":{"start":{"line":378,"column":15},"end":{"line":379,"column":57}},"106":{"start":{"line":379,"column":2},"end":{"line":379,"column":57}},"107":{"start":{"line":384,"column":16},"end":{"line":385,"column":62}},"108":{"start":{"line":385,"column":2},"end":{"line":385,"column":62}},"109":{"start":{"line":385,"column":19},"end":{"line":385,"column":20}},"110":{"start":{"line":385,"column":28},"end":{"line":385,"column":29}},"111":{"start":{"line":385,"column":36},"end":{"line":385,"column":43}},"112":{"start":{"line":385,"column":50},"end":{"line":385,"column":57}},"113":{"start":{"line":390,"column":17},"end":{"line":391,"column":52}},"114":{"start":{"line":390,"column":38},"end":{"line":391,"column":52}},"115":{"start":{"line":391,"column":2},"end":{"line":391,"column":52}},"116":{"start":{"line":391,"column":19},"end":{"line":391,"column":26}},"117":{"start":{"line":391,"column":34},"end":{"line":391,"column":41}},"118":{"start":{"line":396,"column":21},"end":{"line":397,"column":62}},"119":{"start":{"line":397,"column":2},"end":{"line":397,"column":62}},"120":{"start":{"line":397,"column":19},"end":{"line":397,"column":20}},"121":{"start":{"line":397,"column":28},"end":{"line":397,"column":29}},"122":{"start":{"line":397,"column":36},"end":{"line":397,"column":43}},"123":{"start":{"line":397,"column":50},"end":{"line":397,"column":57}},"124":{"start":{"line":402,"column":18},"end":{"line":411,"column":7}},"125":{"start":{"line":402,"column":44},"end":{"line":411,"column":7}},"126":{"start":{"line":406,"column":2},"end":{"line":411,"column":7}},"127":{"start":{"line":407,"column":10},"end":{"line":407,"column":23}},"128":{"start":{"line":408,"column":10},"end":{"line":408,"column":23}},"129":{"start":{"line":409,"column":9},"end":{"line":409,"column":29}},"130":{"start":{"line":410,"column":9},"end":{"line":410,"column":29}},"131":{"start":{"line":416,"column":18},"end":{"line":424,"column":7}},"132":{"start":{"line":416,"column":44},"end":{"line":424,"column":7}},"133":{"start":{"line":419,"column":2},"end":{"line":424,"column":7}},"134":{"start":{"line":420,"column":10},"end":{"line":420,"column":23}},"135":{"start":{"line":421,"column":10},"end":{"line":421,"column":23}},"136":{"start":{"line":422,"column":9},"end":{"line":422,"column":26}},"137":{"start":{"line":423,"column":9},"end":{"line":423,"column":26}},"138":{"start":{"line":429,"column":13},"end":{"line":430,"column":49}},"139":{"start":{"line":430,"column":2},"end":{"line":430,"column":49}},"140":{"start":{"line":435,"column":16},"end":{"line":436,"column":16}},"141":{"start":{"line":436,"column":2},"end":{"line":436,"column":16}},"142":{"start":{"line":441,"column":17},"end":{"line":447,"column":7}},"143":{"start":{"line":442,"column":2},"end":{"line":447,"column":7}},"144":{"start":{"line":445,"column":10},"end":{"line":445,"column":48}},"145":{"start":{"line":446,"column":10},"end":{"line":446,"column":48}},"146":{"start":{"line":449,"column":24},"end":{"line":452,"column":2}},"147":{"start":{"line":457,"column":18},"end":{"line":466,"column":1}},"148":{"start":{"line":460,"column":12},"end":{"line":463,"column":5}},"149":{"start":{"line":460,"column":27},"end":{"line":463,"column":4}},"150":{"start":{"line":465,"column":2},"end":{"line":465,"column":68}},"151":{"start":{"line":465,"column":25},"end":{"line":465,"column":40}},"152":{"start":{"line":465,"column":48},"end":{"line":465,"column":63}},"153":{"start":{"line":471,"column":16},"end":{"line":477,"column":7}},"154":{"start":{"line":472,"column":2},"end":{"line":477,"column":7}},"155":{"start":{"line":475,"column":10},"end":{"line":475,"column":37}},"156":{"start":{"line":476,"column":10},"end":{"line":476,"column":37}},"157":{"start":{"line":482,"column":19},"end":{"line":483,"column":23}},"158":{"start":{"line":483,"column":2},"end":{"line":483,"column":23}},"159":{"start":{"line":488,"column":19},"end":{"line":494,"column":2}},"160":{"start":{"line":491,"column":37},"end":{"line":494,"column":2}},"161":{"start":{"line":492,"column":25},"end":{"line":492,"column":38}},"162":{"start":{"line":499,"column":22},"end":{"line":500,"column":24}},"163":{"start":{"line":500,"column":2},"end":{"line":500,"column":24}},"164":{"start":{"line":505,"column":16},"end":{"line":514,"column":7}},"165":{"start":{"line":505,"column":42},"end":{"line":514,"column":7}},"166":{"start":{"line":509,"column":2},"end":{"line":514,"column":7}},"167":{"start":{"line":510,"column":10},"end":{"line":510,"column":23}},"168":{"start":{"line":511,"column":10},"end":{"line":511,"column":23}},"169":{"start":{"line":512,"column":9},"end":{"line":512,"column":67}},"170":{"start":{"line":512,"column":27},"end":{"line":512,"column":65}},"171":{"start":{"line":513,"column":9},"end":{"line":513,"column":67}},"172":{"start":{"line":513,"column":27},"end":{"line":513,"column":65}},"173":{"start":{"line":519,"column":14},"end":{"line":530,"column":1}},"174":{"start":{"line":519,"column":40},"end":{"line":530,"column":1}},"175":{"start":{"line":523,"column":12},"end":{"line":527,"column":null}},"176":{"start":{"line":524,"column":4},"end":{"line":527,"column":7}},"177":{"start":{"line":524,"column":22},"end":{"line":527,"column":6}},"178":{"start":{"line":529,"column":2},"end":{"line":529,"column":55}},"179":{"start":{"line":535,"column":20},"end":{"line":535,"column":53}},"180":{"start":{"line":535,"column":46},"end":{"line":535,"column":53}},"181":{"start":{"line":540,"column":13},"end":{"line":571,"column":2}},"182":{"start":{"line":594,"column":4},"end":{"line":594,"column":19}},"183":{"start":{"line":600,"column":2},"end":{"line":600,"column":5}},"184":{"start":{"line":604,"column":2},"end":{"line":604,"column":4}},"185":{"start":{"line":608,"column":2},"end":{"line":608,"column":9}},"186":{"start":{"line":612,"column":2},"end":{"line":612,"column":10}},"187":{"start":{"line":616,"column":2},"end":{"line":616,"column":7}},"188":{"start":{"line":620,"column":2},"end":{"line":620,"column":12}},"189":{"start":{"line":624,"column":2},"end":{"line":624,"column":11}},"190":{"start":{"line":628,"column":2},"end":{"line":628,"column":8}},"191":{"start":{"line":632,"column":2},"end":{"line":632,"column":8}},"192":{"start":{"line":636,"column":2},"end":{"line":636,"column":11}},"193":{"start":{"line":640,"column":2},"end":{"line":640,"column":9}},"194":{"start":{"line":644,"column":2},"end":{"line":644,"column":9}},"195":{"start":{"line":648,"column":2},"end":{"line":648,"column":5}},"196":{"start":{"line":652,"column":2},"end":{"line":652,"column":11}},"197":{"start":{"line":656,"column":2},"end":{"line":656,"column":14}},"198":{"start":{"line":660,"column":2},"end":{"line":660,"column":8}},"199":{"start":{"line":664,"column":2},"end":{"line":664,"column":13}},"200":{"start":{"line":668,"column":2},"end":{"line":668,"column":9}},"201":{"start":{"line":672,"column":2},"end":{"line":672,"column":10}},"202":{"start":{"line":676,"column":2},"end":{"line":676,"column":12}}},"fnMap":{"0":{"name":"(anonymous_0)","decl":{"start":{"line":107,"column":23},"end":{"line":107,"column":35}},"loc":{"start":{"line":107,"column":59},"end":{"line":110,"column":2}}},"1":{"name":"(anonymous_1)","decl":{"start":{"line":117,"column":23},"end":{"line":117,"column":35}},"loc":{"start":{"line":117,"column":59},"end":{"line":120,"column":2}}},"2":{"name":"(anonymous_2)","decl":{"start":{"line":125,"column":28},"end":{"line":125,"column":31}},"loc":{"start":{"line":125,"column":34},"end":{"line":125,"column":41}}},"3":{"name":"(anonymous_3)","decl":{"start":{"line":130,"column":28},"end":{"line":130,"column":31}},"loc":{"start":{"line":130,"column":34},"end":{"line":130,"column":41}}},"4":{"name":"(anonymous_4)","decl":{"start":{"line":137,"column":28},"end":{"line":137,"column":32}},"loc":{"start":{"line":138,"column":2},"end":{"line":138,"column":54}}},"5":{"name":"(anonymous_5)","decl":{"start":{"line":143,"column":20},"end":{"line":143,"column":null}},"loc":{"start":{"line":148,"column":5},"end":{"line":159,"column":1}}},"6":{"name":"(anonymous_6)","decl":{"start":{"line":148,"column":5},"end":{"line":148,"column":6}},"loc":{"start":{"line":148,"column":25},"end":{"line":159,"column":1}}},"7":{"name":"(anonymous_7)","decl":{"start":{"line":164,"column":23},"end":{"line":164,"column":27}},"loc":{"start":{"line":164,"column":59},"end":{"line":177,"column":2}}},"8":{"name":"(anonymous_8)","decl":{"start":{"line":165,"column":8},"end":{"line":165,"column":10}},"loc":{"start":{"line":165,"column":13},"end":{"line":176,"column":3}}},"9":{"name":"(anonymous_9)","decl":{"start":{"line":182,"column":21},"end":{"line":182,"column":25}},"loc":{"start":{"line":182,"column":53},"end":{"line":189,"column":2}}},"10":{"name":"(anonymous_10)","decl":{"start":{"line":183,"column":10},"end":{"line":183,"column":11}},"loc":{"start":{"line":184,"column":4},"end":{"line":188,"column":34}}},"11":{"name":"(anonymous_11)","decl":{"start":{"line":198,"column":28},"end":{"line":198,"column":32}},"loc":{"start":{"line":198,"column":74},"end":{"line":224,"column":2}}},"12":{"name":"(anonymous_12)","decl":{"start":{"line":199,"column":10},"end":{"line":199,"column":11}},"loc":{"start":{"line":200,"column":4},"end":{"line":223,"column":9}}},"13":{"name":"(anonymous_13)","decl":{"start":{"line":202,"column":6},"end":{"line":202,"column":9}},"loc":{"start":{"line":203,"column":8},"end":{"line":208,"column":13}}},"14":{"name":"(anonymous_14)","decl":{"start":{"line":209,"column":6},"end":{"line":209,"column":7}},"loc":{"start":{"line":210,"column":8},"end":{"line":215,"column":13}}},"15":{"name":"(anonymous_15)","decl":{"start":{"line":213,"column":10},"end":{"line":213,"column":11}},"loc":{"start":{"line":213,"column":15},"end":{"line":213,"column":38}}},"16":{"name":"(anonymous_16)","decl":{"start":{"line":214,"column":10},"end":{"line":214,"column":11}},"loc":{"start":{"line":214,"column":15},"end":{"line":214,"column":38}}},"17":{"name":"(anonymous_17)","decl":{"start":{"line":216,"column":6},"end":{"line":216,"column":7}},"loc":{"start":{"line":217,"column":8},"end":{"line":222,"column":13}}},"18":{"name":"(anonymous_18)","decl":{"start":{"line":220,"column":10},"end":{"line":220,"column":11}},"loc":{"start":{"line":220,"column":15},"end":{"line":220,"column":38}}},"19":{"name":"(anonymous_19)","decl":{"start":{"line":221,"column":10},"end":{"line":221,"column":11}},"loc":{"start":{"line":221,"column":15},"end":{"line":221,"column":38}}},"20":{"name":"getOrd","decl":{"start":{"line":235,"column":16},"end":{"line":235,"column":22}},"loc":{"start":{"line":235,"column":35},"end":{"line":254,"column":1}}},"21":{"name":"(anonymous_21)","decl":{"start":{"line":238,"column":13},"end":{"line":238,"column":14}},"loc":{"start":{"line":239,"column":6},"end":{"line":252,"column":11}}},"22":{"name":"(anonymous_22)","decl":{"start":{"line":241,"column":8},"end":{"line":241,"column":11}},"loc":{"start":{"line":241,"column":14},"end":{"line":241,"column":74}}},"23":{"name":"(anonymous_23)","decl":{"start":{"line":241,"column":32},"end":{"line":241,"column":35}},"loc":{"start":{"line":241,"column":38},"end":{"line":241,"column":39}}},"24":{"name":"(anonymous_24)","decl":{"start":{"line":241,"column":41},"end":{"line":241,"column":44}},"loc":{"start":{"line":241,"column":47},"end":{"line":241,"column":49}}},"25":{"name":"(anonymous_25)","decl":{"start":{"line":241,"column":51},"end":{"line":241,"column":54}},"loc":{"start":{"line":241,"column":57},"end":{"line":241,"column":59}}},"26":{"name":"(anonymous_26)","decl":{"start":{"line":241,"column":61},"end":{"line":241,"column":64}},"loc":{"start":{"line":241,"column":67},"end":{"line":241,"column":69}}},"27":{"name":"(anonymous_27)","decl":{"start":{"line":243,"column":8},"end":{"line":243,"column":11}},"loc":{"start":{"line":243,"column":14},"end":{"line":243,"column":73}}},"28":{"name":"(anonymous_28)","decl":{"start":{"line":243,"column":32},"end":{"line":243,"column":35}},"loc":{"start":{"line":243,"column":38},"end":{"line":243,"column":39}}},"29":{"name":"(anonymous_29)","decl":{"start":{"line":243,"column":41},"end":{"line":243,"column":44}},"loc":{"start":{"line":243,"column":47},"end":{"line":243,"column":48}}},"30":{"name":"(anonymous_30)","decl":{"start":{"line":243,"column":50},"end":{"line":243,"column":53}},"loc":{"start":{"line":243,"column":56},"end":{"line":243,"column":58}}},"31":{"name":"(anonymous_31)","decl":{"start":{"line":243,"column":60},"end":{"line":243,"column":63}},"loc":{"start":{"line":243,"column":66},"end":{"line":243,"column":68}}},"32":{"name":"(anonymous_32)","decl":{"start":{"line":245,"column":8},"end":{"line":245,"column":9}},"loc":{"start":{"line":246,"column":10},"end":{"line":247,"column":null}}},"33":{"name":"(anonymous_33)","decl":{"start":{"line":246,"column":28},"end":{"line":246,"column":31}},"loc":{"start":{"line":246,"column":34},"end":{"line":246,"column":35}}},"34":{"name":"(anonymous_34)","decl":{"start":{"line":246,"column":37},"end":{"line":246,"column":40}},"loc":{"start":{"line":246,"column":43},"end":{"line":246,"column":44}}},"35":{"name":"(anonymous_35)","decl":{"start":{"line":246,"column":46},"end":{"line":246,"column":47}},"loc":{"start":{"line":246,"column":51},"end":{"line":246,"column":66}}},"36":{"name":"(anonymous_36)","decl":{"start":{"line":246,"column":68},"end":{"line":246,"column":71}},"loc":{"start":{"line":246,"column":74},"end":{"line":246,"column":76}}},"37":{"name":"(anonymous_37)","decl":{"start":{"line":250,"column":8},"end":{"line":250,"column":9}},"loc":{"start":{"line":251,"column":10},"end":{"line":251,"column":80}}},"38":{"name":"(anonymous_38)","decl":{"start":{"line":251,"column":28},"end":{"line":251,"column":31}},"loc":{"start":{"line":251,"column":34},"end":{"line":251,"column":35}}},"39":{"name":"(anonymous_39)","decl":{"start":{"line":251,"column":37},"end":{"line":251,"column":40}},"loc":{"start":{"line":251,"column":43},"end":{"line":251,"column":44}}},"40":{"name":"(anonymous_40)","decl":{"start":{"line":251,"column":46},"end":{"line":251,"column":49}},"loc":{"start":{"line":251,"column":52},"end":{"line":251,"column":53}}},"41":{"name":"(anonymous_41)","decl":{"start":{"line":251,"column":55},"end":{"line":251,"column":56}},"loc":{"start":{"line":251,"column":60},"end":{"line":251,"column":75}}},"42":{"name":"(anonymous_42)","decl":{"start":{"line":261,"column":33},"end":{"line":261,"column":37}},"loc":{"start":{"line":262,"column":2},"end":{"line":262,"column":17}}},"43":{"name":"(anonymous_43)","decl":{"start":{"line":267,"column":30},"end":{"line":267,"column":34}},"loc":{"start":{"line":267,"column":69},"end":{"line":269,"column":null}}},"44":{"name":"(anonymous_44)","decl":{"start":{"line":277,"column":25},"end":{"line":277,"column":29}},"loc":{"start":{"line":278,"column":2},"end":{"line":278,"column":23}}},"45":{"name":"(anonymous_45)","decl":{"start":{"line":285,"column":25},"end":{"line":285,"column":29}},"loc":{"start":{"line":286,"column":2},"end":{"line":286,"column":23}}},"46":{"name":"(anonymous_46)","decl":{"start":{"line":293,"column":25},"end":{"line":293,"column":29}},"loc":{"start":{"line":294,"column":2},"end":{"line":294,"column":23}}},"47":{"name":"(anonymous_47)","decl":{"start":{"line":301,"column":25},"end":{"line":301,"column":29}},"loc":{"start":{"line":302,"column":2},"end":{"line":302,"column":23}}},"48":{"name":"(anonymous_48)","decl":{"start":{"line":307,"column":24},"end":{"line":307,"column":28}},"loc":{"start":{"line":308,"column":2},"end":{"line":308,"column":32}}},"49":{"name":"(anonymous_49)","decl":{"start":{"line":313,"column":25},"end":{"line":313,"column":29}},"loc":{"start":{"line":313,"column":72},"end":{"line":315,"column":64}}},"50":{"name":"(anonymous_50)","decl":{"start":{"line":313,"column":72},"end":{"line":313,"column":null}},"loc":{"start":{"line":315,"column":8},"end":{"line":315,"column":64}}},"51":{"name":"(anonymous_51)","decl":{"start":{"line":320,"column":20},"end":{"line":320,"column":24}},"loc":{"start":{"line":320,"column":37},"end":{"line":326,"column":7}}},"52":{"name":"(anonymous_52)","decl":{"start":{"line":320,"column":37},"end":{"line":320,"column":41}},"loc":{"start":{"line":321,"column":2},"end":{"line":326,"column":7}}},"53":{"name":"(anonymous_53)","decl":{"start":{"line":324,"column":4},"end":{"line":324,"column":5}},"loc":{"start":{"line":324,"column":9},"end":{"line":324,"column":23}}},"54":{"name":"(anonymous_54)","decl":{"start":{"line":325,"column":4},"end":{"line":325,"column":5}},"loc":{"start":{"line":325,"column":9},"end":{"line":325,"column":23}}},"55":{"name":"(anonymous_55)","decl":{"start":{"line":333,"column":22},"end":{"line":333,"column":26}},"loc":{"start":{"line":333,"column":54},"end":{"line":336,"column":68}}},"56":{"name":"(anonymous_56)","decl":{"start":{"line":333,"column":54},"end":{"line":333,"column":null}},"loc":{"start":{"line":336,"column":2},"end":{"line":336,"column":68}}},"57":{"name":"(anonymous_57)","decl":{"start":{"line":341,"column":13},"end":{"line":341,"column":20}},"loc":{"start":{"line":342,"column":2},"end":{"line":347,"column":7}}},"58":{"name":"(anonymous_58)","decl":{"start":{"line":345,"column":4},"end":{"line":345,"column":5}},"loc":{"start":{"line":345,"column":9},"end":{"line":345,"column":22}}},"59":{"name":"(anonymous_59)","decl":{"start":{"line":346,"column":4},"end":{"line":346,"column":5}},"loc":{"start":{"line":346,"column":9},"end":{"line":346,"column":22}}},"60":{"name":"(anonymous_60)","decl":{"start":{"line":352,"column":12},"end":{"line":352,"column":19}},"loc":{"start":{"line":353,"column":2},"end":{"line":373,"column":8}}},"61":{"name":"(anonymous_61)","decl":{"start":{"line":355,"column":4},"end":{"line":355,"column":7}},"loc":{"start":{"line":356,"column":6},"end":{"line":357,"column":null}}},"62":{"name":"(anonymous_62)","decl":{"start":{"line":359,"column":4},"end":{"line":359,"column":5}},"loc":{"start":{"line":360,"column":6},"end":{"line":365,"column":11}}},"63":{"name":"(anonymous_63)","decl":{"start":{"line":363,"column":8},"end":{"line":363,"column":9}},"loc":{"start":{"line":363,"column":13},"end":{"line":363,"column":26}}},"64":{"name":"(anonymous_64)","decl":{"start":{"line":364,"column":8},"end":{"line":364,"column":9}},"loc":{"start":{"line":364,"column":13},"end":{"line":364,"column":26}}},"65":{"name":"(anonymous_65)","decl":{"start":{"line":366,"column":4},"end":{"line":366,"column":5}},"loc":{"start":{"line":367,"column":6},"end":{"line":372,"column":11}}},"66":{"name":"(anonymous_66)","decl":{"start":{"line":370,"column":8},"end":{"line":370,"column":9}},"loc":{"start":{"line":370,"column":13},"end":{"line":370,"column":26}}},"67":{"name":"(anonymous_67)","decl":{"start":{"line":371,"column":8},"end":{"line":371,"column":9}},"loc":{"start":{"line":371,"column":13},"end":{"line":371,"column":26}}},"68":{"name":"(anonymous_68)","decl":{"start":{"line":378,"column":15},"end":{"line":378,"column":22}},"loc":{"start":{"line":379,"column":2},"end":{"line":379,"column":57}}},"69":{"name":"(anonymous_69)","decl":{"start":{"line":384,"column":16},"end":{"line":384,"column":23}},"loc":{"start":{"line":385,"column":2},"end":{"line":385,"column":62}}},"70":{"name":"(anonymous_70)","decl":{"start":{"line":385,"column":13},"end":{"line":385,"column":16}},"loc":{"start":{"line":385,"column":19},"end":{"line":385,"column":20}}},"71":{"name":"(anonymous_71)","decl":{"start":{"line":385,"column":22},"end":{"line":385,"column":25}},"loc":{"start":{"line":385,"column":28},"end":{"line":385,"column":29}}},"72":{"name":"(anonymous_72)","decl":{"start":{"line":385,"column":31},"end":{"line":385,"column":32}},"loc":{"start":{"line":385,"column":36},"end":{"line":385,"column":43}}},"73":{"name":"(anonymous_73)","decl":{"start":{"line":385,"column":45},"end":{"line":385,"column":46}},"loc":{"start":{"line":385,"column":50},"end":{"line":385,"column":57}}},"74":{"name":"(anonymous_74)","decl":{"start":{"line":390,"column":17},"end":{"line":390,"column":21}},"loc":{"start":{"line":390,"column":38},"end":{"line":391,"column":52}}},"75":{"name":"(anonymous_75)","decl":{"start":{"line":390,"column":38},"end":{"line":390,"column":42}},"loc":{"start":{"line":391,"column":2},"end":{"line":391,"column":52}}},"76":{"name":"(anonymous_76)","decl":{"start":{"line":391,"column":13},"end":{"line":391,"column":16}},"loc":{"start":{"line":391,"column":19},"end":{"line":391,"column":26}}},"77":{"name":"(anonymous_77)","decl":{"start":{"line":391,"column":28},"end":{"line":391,"column":31}},"loc":{"start":{"line":391,"column":34},"end":{"line":391,"column":41}}},"78":{"name":"(anonymous_78)","decl":{"start":{"line":396,"column":21},"end":{"line":396,"column":28}},"loc":{"start":{"line":397,"column":2},"end":{"line":397,"column":62}}},"79":{"name":"(anonymous_79)","decl":{"start":{"line":397,"column":13},"end":{"line":397,"column":16}},"loc":{"start":{"line":397,"column":19},"end":{"line":397,"column":20}}},"80":{"name":"(anonymous_80)","decl":{"start":{"line":397,"column":22},"end":{"line":397,"column":25}},"loc":{"start":{"line":397,"column":28},"end":{"line":397,"column":29}}},"81":{"name":"(anonymous_81)","decl":{"start":{"line":397,"column":31},"end":{"line":397,"column":32}},"loc":{"start":{"line":397,"column":36},"end":{"line":397,"column":43}}},"82":{"name":"(anonymous_82)","decl":{"start":{"line":397,"column":45},"end":{"line":397,"column":46}},"loc":{"start":{"line":397,"column":50},"end":{"line":397,"column":57}}},"83":{"name":"(anonymous_83)","decl":{"start":{"line":402,"column":18},"end":{"line":402,"column":22}},"loc":{"start":{"line":402,"column":44},"end":{"line":411,"column":7}}},"84":{"name":"(anonymous_84)","decl":{"start":{"line":402,"column":44},"end":{"line":402,"column":null}},"loc":{"start":{"line":406,"column":2},"end":{"line":411,"column":7}}},"85":{"name":"(anonymous_85)","decl":{"start":{"line":407,"column":4},"end":{"line":407,"column":7}},"loc":{"start":{"line":407,"column":10},"end":{"line":407,"column":23}}},"86":{"name":"(anonymous_86)","decl":{"start":{"line":408,"column":4},"end":{"line":408,"column":7}},"loc":{"start":{"line":408,"column":10},"end":{"line":408,"column":23}}},"87":{"name":"(anonymous_87)","decl":{"start":{"line":409,"column":4},"end":{"line":409,"column":5}},"loc":{"start":{"line":409,"column":9},"end":{"line":409,"column":29}}},"88":{"name":"(anonymous_88)","decl":{"start":{"line":410,"column":4},"end":{"line":410,"column":5}},"loc":{"start":{"line":410,"column":9},"end":{"line":410,"column":29}}},"89":{"name":"(anonymous_89)","decl":{"start":{"line":416,"column":18},"end":{"line":416,"column":22}},"loc":{"start":{"line":416,"column":44},"end":{"line":424,"column":7}}},"90":{"name":"(anonymous_90)","decl":{"start":{"line":416,"column":44},"end":{"line":416,"column":null}},"loc":{"start":{"line":419,"column":2},"end":{"line":424,"column":7}}},"91":{"name":"(anonymous_91)","decl":{"start":{"line":420,"column":4},"end":{"line":420,"column":7}},"loc":{"start":{"line":420,"column":10},"end":{"line":420,"column":23}}},"92":{"name":"(anonymous_92)","decl":{"start":{"line":421,"column":4},"end":{"line":421,"column":7}},"loc":{"start":{"line":421,"column":10},"end":{"line":421,"column":23}}},"93":{"name":"(anonymous_93)","decl":{"start":{"line":422,"column":4},"end":{"line":422,"column":5}},"loc":{"start":{"line":422,"column":9},"end":{"line":422,"column":26}}},"94":{"name":"(anonymous_94)","decl":{"start":{"line":423,"column":4},"end":{"line":423,"column":5}},"loc":{"start":{"line":423,"column":9},"end":{"line":423,"column":26}}},"95":{"name":"(anonymous_95)","decl":{"start":{"line":429,"column":13},"end":{"line":429,"column":17}},"loc":{"start":{"line":430,"column":2},"end":{"line":430,"column":49}}},"96":{"name":"(anonymous_96)","decl":{"start":{"line":435,"column":16},"end":{"line":435,"column":23}},"loc":{"start":{"line":436,"column":2},"end":{"line":436,"column":16}}},"97":{"name":"(anonymous_97)","decl":{"start":{"line":441,"column":17},"end":{"line":441,"column":21}},"loc":{"start":{"line":442,"column":2},"end":{"line":447,"column":7}}},"98":{"name":"(anonymous_98)","decl":{"start":{"line":445,"column":4},"end":{"line":445,"column":5}},"loc":{"start":{"line":445,"column":10},"end":{"line":445,"column":48}}},"99":{"name":"(anonymous_99)","decl":{"start":{"line":446,"column":4},"end":{"line":446,"column":5}},"loc":{"start":{"line":446,"column":10},"end":{"line":446,"column":48}}},"100":{"name":"(anonymous_100)","decl":{"start":{"line":457,"column":18},"end":{"line":457,"column":null}},"loc":{"start":{"line":459,"column":35},"end":{"line":466,"column":1}}},"101":{"name":"(anonymous_101)","decl":{"start":{"line":460,"column":21},"end":{"line":460,"column":22}},"loc":{"start":{"line":460,"column":27},"end":{"line":463,"column":4}}},"102":{"name":"(anonymous_102)","decl":{"start":{"line":465,"column":19},"end":{"line":465,"column":22}},"loc":{"start":{"line":465,"column":25},"end":{"line":465,"column":40}}},"103":{"name":"(anonymous_103)","decl":{"start":{"line":465,"column":42},"end":{"line":465,"column":45}},"loc":{"start":{"line":465,"column":48},"end":{"line":465,"column":63}}},"104":{"name":"(anonymous_104)","decl":{"start":{"line":471,"column":16},"end":{"line":471,"column":20}},"loc":{"start":{"line":472,"column":2},"end":{"line":477,"column":7}}},"105":{"name":"(anonymous_105)","decl":{"start":{"line":475,"column":4},"end":{"line":475,"column":5}},"loc":{"start":{"line":475,"column":10},"end":{"line":475,"column":37}}},"106":{"name":"(anonymous_106)","decl":{"start":{"line":476,"column":4},"end":{"line":476,"column":5}},"loc":{"start":{"line":476,"column":10},"end":{"line":476,"column":37}}},"107":{"name":"(anonymous_107)","decl":{"start":{"line":482,"column":19},"end":{"line":482,"column":26}},"loc":{"start":{"line":483,"column":2},"end":{"line":483,"column":23}}},"108":{"name":"(anonymous_108)","decl":{"start":{"line":488,"column":19},"end":{"line":488,"column":null}},"loc":{"start":{"line":491,"column":37},"end":{"line":494,"column":2}}},"109":{"name":"(anonymous_109)","decl":{"start":{"line":492,"column":20},"end":{"line":492,"column":21}},"loc":{"start":{"line":492,"column":25},"end":{"line":492,"column":38}}},"110":{"name":"(anonymous_110)","decl":{"start":{"line":499,"column":22},"end":{"line":499,"column":32}},"loc":{"start":{"line":500,"column":2},"end":{"line":500,"column":24}}},"111":{"name":"(anonymous_111)","decl":{"start":{"line":505,"column":16},"end":{"line":505,"column":20}},"loc":{"start":{"line":505,"column":42},"end":{"line":514,"column":7}}},"112":{"name":"(anonymous_112)","decl":{"start":{"line":505,"column":42},"end":{"line":505,"column":null}},"loc":{"start":{"line":509,"column":2},"end":{"line":514,"column":7}}},"113":{"name":"(anonymous_113)","decl":{"start":{"line":510,"column":4},"end":{"line":510,"column":7}},"loc":{"start":{"line":510,"column":10},"end":{"line":510,"column":23}}},"114":{"name":"(anonymous_114)","decl":{"start":{"line":511,"column":4},"end":{"line":511,"column":7}},"loc":{"start":{"line":511,"column":10},"end":{"line":511,"column":23}}},"115":{"name":"(anonymous_115)","decl":{"start":{"line":512,"column":4},"end":{"line":512,"column":5}},"loc":{"start":{"line":512,"column":9},"end":{"line":512,"column":67}}},"116":{"name":"(anonymous_116)","decl":{"start":{"line":512,"column":21},"end":{"line":512,"column":22}},"loc":{"start":{"line":512,"column":27},"end":{"line":512,"column":65}}},"117":{"name":"(anonymous_117)","decl":{"start":{"line":513,"column":4},"end":{"line":513,"column":5}},"loc":{"start":{"line":513,"column":9},"end":{"line":513,"column":67}}},"118":{"name":"(anonymous_118)","decl":{"start":{"line":513,"column":21},"end":{"line":513,"column":22}},"loc":{"start":{"line":513,"column":27},"end":{"line":513,"column":65}}},"119":{"name":"(anonymous_119)","decl":{"start":{"line":519,"column":14},"end":{"line":519,"column":18}},"loc":{"start":{"line":519,"column":40},"end":{"line":530,"column":1}}},"120":{"name":"(anonymous_120)","decl":{"start":{"line":519,"column":40},"end":{"line":519,"column":null}},"loc":{"start":{"line":522,"column":43},"end":{"line":530,"column":1}}},"121":{"name":"(anonymous_121)","decl":{"start":{"line":523,"column":21},"end":{"line":523,"column":22}},"loc":{"start":{"line":524,"column":4},"end":{"line":527,"column":7}}},"122":{"name":"(anonymous_122)","decl":{"start":{"line":524,"column":16},"end":{"line":524,"column":17}},"loc":{"start":{"line":524,"column":22},"end":{"line":527,"column":6}}},"123":{"name":"(anonymous_123)","decl":{"start":{"line":535,"column":20},"end":{"line":535,"column":27}},"loc":{"start":{"line":535,"column":46},"end":{"line":535,"column":53}}}},"branchMap":{"0":{"loc":{"start":{"line":138,"column":34},"end":{"line":138,"column":41}},"type":"cond-expr","locations":[{"start":{"line":138,"column":34},"end":{"line":138,"column":41}},{"start":{"line":138,"column":44},"end":{"line":138,"column":54}}]},"1":{"loc":{"start":{"line":138,"column":2},"end":{"line":138,"column":12}},"type":"binary-expr","locations":[{"start":{"line":138,"column":2},"end":{"line":138,"column":12}},{"start":{"line":138,"column":16},"end":{"line":138,"column":31}}]},"2":{"loc":{"start":{"line":150,"column":4},"end":{"line":151,"column":25}},"type":"switch","locations":[{"start":{"line":150,"column":4},"end":{"line":151,"column":25}},{"start":{"line":152,"column":4},"end":{"line":153,"column":25}},{"start":{"line":154,"column":4},"end":{"line":155,"column":33}},{"start":{"line":156,"column":4},"end":{"line":157,"column":33}}]},"3":{"loc":{"start":{"line":167,"column":6},"end":{"line":168,"column":25}},"type":"switch","locations":[{"start":{"line":167,"column":6},"end":{"line":168,"column":25}},{"start":{"line":169,"column":6},"end":{"line":170,"column":25}},{"start":{"line":171,"column":6},"end":{"line":172,"column":46}},{"start":{"line":173,"column":6},"end":{"line":174,"column":46}}]},"4":{"loc":{"start":{"line":184,"column":4},"end":{"line":184,"column":11}},"type":"binary-expr","locations":[{"start":{"line":184,"column":4},"end":{"line":184,"column":11}},{"start":{"line":185,"column":5},"end":{"line":185,"column":17}},{"start":{"line":185,"column":21},"end":{"line":185,"column":33}},{"start":{"line":185,"column":37},"end":{"line":185,"column":63}},{"start":{"line":186,"column":5},"end":{"line":186,"column":17}},{"start":{"line":186,"column":21},"end":{"line":186,"column":33}},{"start":{"line":186,"column":37},"end":{"line":186,"column":63}},{"start":{"line":187,"column":5},"end":{"line":187,"column":17}},{"start":{"line":187,"column":21},"end":{"line":187,"column":33}},{"start":{"line":188,"column":5},"end":{"line":188,"column":17}},{"start":{"line":188,"column":21},"end":{"line":188,"column":33}}]},"5":{"loc":{"start":{"line":308,"column":2},"end":{"line":308,"column":15}},"type":"binary-expr","locations":[{"start":{"line":308,"column":2},"end":{"line":308,"column":15}},{"start":{"line":308,"column":19},"end":{"line":308,"column":32}}]},"6":{"loc":{"start":{"line":445,"column":22},"end":{"line":445,"column":38}},"type":"cond-expr","locations":[{"start":{"line":445,"column":22},"end":{"line":445,"column":38}},{"start":{"line":445,"column":41},"end":{"line":445,"column":48}}]},"7":{"loc":{"start":{"line":446,"column":22},"end":{"line":446,"column":38}},"type":"cond-expr","locations":[{"start":{"line":446,"column":22},"end":{"line":446,"column":38}},{"start":{"line":446,"column":41},"end":{"line":446,"column":48}}]},"8":{"loc":{"start":{"line":461,"column":22},"end":{"line":461,"column":37}},"type":"cond-expr","locations":[{"start":{"line":461,"column":22},"end":{"line":461,"column":37}},{"start":{"line":461,"column":40},"end":{"line":461,"column":47}}]},"9":{"loc":{"start":{"line":462,"column":24},"end":{"line":462,"column":40}},"type":"cond-expr","locations":[{"start":{"line":462,"column":24},"end":{"line":462,"column":40}},{"start":{"line":462,"column":43},"end":{"line":462,"column":50}}]},"10":{"loc":{"start":{"line":475,"column":25},"end":{"line":475,"column":27}},"type":"cond-expr","locations":[{"start":{"line":475,"column":25},"end":{"line":475,"column":27}},{"start":{"line":475,"column":30},"end":{"line":475,"column":37}}]},"11":{"loc":{"start":{"line":476,"column":25},"end":{"line":476,"column":27}},"type":"cond-expr","locations":[{"start":{"line":476,"column":25},"end":{"line":476,"column":27}},{"start":{"line":476,"column":30},"end":{"line":476,"column":37}}]},"12":{"loc":{"start":{"line":512,"column":39},"end":{"line":512,"column":55}},"type":"cond-expr","locations":[{"start":{"line":512,"column":39},"end":{"line":512,"column":55}},{"start":{"line":512,"column":58},"end":{"line":512,"column":65}}]},"13":{"loc":{"start":{"line":513,"column":39},"end":{"line":513,"column":55}},"type":"cond-expr","locations":[{"start":{"line":513,"column":39},"end":{"line":513,"column":55}},{"start":{"line":513,"column":58},"end":{"line":513,"column":65}}]},"14":{"loc":{"start":{"line":525,"column":24},"end":{"line":525,"column":39}},"type":"cond-expr","locations":[{"start":{"line":525,"column":24},"end":{"line":525,"column":39}},{"start":{"line":525,"column":42},"end":{"line":525,"column":49}}]},"15":{"loc":{"start":{"line":526,"column":26},"end":{"line":526,"column":42}},"type":"cond-expr","locations":[{"start":{"line":526,"column":26},"end":{"line":526,"column":42}},{"start":{"line":526,"column":45},"end":{"line":526,"column":52}}]},"16":{"loc":{"start":{"line":529,"column":23},"end":{"line":529,"column":30}},"type":"cond-expr","locations":[{"start":{"line":529,"column":23},"end":{"line":529,"column":30}},{"start":{"line":529,"column":33},"end":{"line":529,"column":54}}]}},"s":{"0":1,"1":1,"2":1,"3":1,"4":1,"5":1,"6":1,"7":1,"8":56,"9":1,"10":116,"11":1,"12":28,"13":1,"14":12,"15":1,"16":3,"17":1,"18":180,"19":183,"20":54,"21":36,"22":29,"23":64,"24":1,"25":1,"26":2,"27":1,"28":0,"29":0,"30":1,"31":1,"32":2,"33":16,"34":1,"35":2,"36":8,"37":0,"38":0,"39":0,"40":0,"41":5,"42":0,"43":3,"44":1,"45":18,"46":4,"47":1,"48":1,"49":1,"50":1,"51":4,"52":1,"53":1,"54":1,"55":1,"56":5,"57":1,"58":1,"59":2,"60":1,"61":5,"62":1,"63":1,"64":1,"65":2,"66":1,"67":1,"68":2,"69":1,"70":1,"71":1,"72":19,"73":1,"74":19,"75":1,"76":21,"77":1,"78":22,"79":1,"80":0,"81":1,"82":11,"83":12,"84":1,"85":3,"86":3,"87":0,"88":2,"89":1,"90":3,"91":3,"92":1,"93":28,"94":3,"95":11,"96":1,"97":16,"98":4,"99":4,"100":1,"101":1,"102":4,"103":1,"104":1,"105":1,"106":8,"107":1,"108":2,"109":1,"110":0,"111":0,"112":1,"113":1,"114":1,"115":2,"116":1,"117":0,"118":1,"119":2,"120":1,"121":0,"122":0,"123":1,"124":1,"125":0,"126":0,"127":0,"128":0,"129":0,"130":0,"131":1,"132":0,"133":0,"134":0,"135":0,"136":0,"137":0,"138":1,"139":27,"140":1,"141":2,"142":1,"143":6,"144":0,"145":4,"146":1,"147":1,"148":6,"149":4,"150":6,"151":2,"152":0,"153":1,"154":9,"155":0,"156":6,"157":1,"158":3,"159":1,"160":3,"161":2,"162":1,"163":3,"164":1,"165":0,"166":0,"167":0,"168":0,"169":0,"170":0,"171":0,"172":0,"173":1,"174":0,"175":0,"176":0,"177":0,"178":0,"179":1,"180":1,"181":1,"182":1,"183":1,"184":1,"185":1,"186":1,"187":1,"188":1,"189":1,"190":1,"191":1,"192":1,"193":1,"194":1,"195":1,"196":1,"197":1,"198":1,"199":1,"200":1,"201":1,"202":1},"f":{"0":56,"1":116,"2":28,"3":12,"4":3,"5":180,"6":183,"7":1,"8":2,"9":2,"10":16,"11":2,"12":8,"13":0,"14":0,"15":0,"16":0,"17":5,"18":0,"19":3,"20":1,"21":18,"22":4,"23":1,"24":1,"25":1,"26":1,"27":4,"28":1,"29":1,"30":1,"31":1,"32":5,"33":1,"34":1,"35":2,"36":1,"37":5,"38":1,"39":1,"40":1,"41":2,"42":2,"43":1,"44":19,"45":19,"46":21,"47":22,"48":0,"49":11,"50":12,"51":3,"52":3,"53":0,"54":2,"55":3,"56":3,"57":28,"58":3,"59":11,"60":16,"61":4,"62":4,"63":1,"64":1,"65":4,"66":1,"67":1,"68":8,"69":2,"70":1,"71":0,"72":0,"73":1,"74":1,"75":2,"76":1,"77":0,"78":2,"79":1,"80":0,"81":0,"82":1,"83":0,"84":0,"85":0,"86":0,"87":0,"88":0,"89":0,"90":0,"91":0,"92":0,"93":0,"94":0,"95":27,"96":2,"97":6,"98":0,"99":4,"100":6,"101":4,"102":2,"103":0,"104":9,"105":0,"106":6,"107":3,"108":3,"109":2,"110":3,"111":0,"112":0,"113":0,"114":0,"115":0,"116":0,"117":0,"118":0,"119":0,"120":0,"121":0,"122":0,"123":1},"b":{"0":[2,1],"1":[3,2],"2":[54,36,29,64],"3":[1,0,0,1],"4":[16,14,4,1,13,4,1,12,3,12,3],"5":[0,0],"6":[0,0],"7":[2,2],"8":[2,2],"9":[2,2],"10":[0,0],"11":[3,3],"12":[0,0],"13":[0,0],"14":[0,0],"15":[0,0],"16":[0,0]}}
,"/Users/brandon/Documents/github/nullpub/datum/src/DatumEither.ts": {"path":"/Users/brandon/Documents/github/nullpub/datum/src/DatumEither.ts","statementMap":{"0":{"start":{"line":21,"column":0},"end":{"line":21,"column":null}},"1":{"start":{"line":31,"column":0},"end":{"line":31,"column":57}},"2":{"start":{"line":33,"column":0},"end":{"line":33,"column":46}},"3":{"start":{"line":35,"column":0},"end":{"line":35,"column":null}},"4":{"start":{"line":241,"column":2},"end":{"line":40,"column":null}},"5":{"start":{"line":245,"column":2},"end":{"line":41,"column":null}},"6":{"start":{"line":66,"column":13},"end":{"line":66,"column":45}},"7":{"start":{"line":91,"column":13},"end":{"line":93,"column":null}},"8":{"start":{"line":99,"column":13},"end":{"line":99,"column":54}},"9":{"start":{"line":99,"column":36},"end":{"line":99,"column":53}},"10":{"start":{"line":104,"column":13},"end":{"line":104,"column":53}},"11":{"start":{"line":104,"column":36},"end":{"line":104,"column":52}},"12":{"start":{"line":109,"column":13},"end":{"line":110,"column":38}},"13":{"start":{"line":110,"column":2},"end":{"line":110,"column":37}},"14":{"start":{"line":115,"column":13},"end":{"line":116,"column":37}},"15":{"start":{"line":116,"column":2},"end":{"line":116,"column":36}},"16":{"start":{"line":121,"column":13},"end":{"line":127,"column":9}},"17":{"start":{"line":122,"column":2},"end":{"line":127,"column":8}},"18":{"start":{"line":125,"column":10},"end":{"line":125,"column":13}},"19":{"start":{"line":126,"column":9},"end":{"line":126,"column":19}},"20":{"start":{"line":132,"column":13},"end":{"line":133,"column":13}},"21":{"start":{"line":133,"column":2},"end":{"line":133,"column":12}},"22":{"start":{"line":138,"column":13},"end":{"line":140,"column":67}},"23":{"start":{"line":138,"column":53},"end":{"line":140,"column":66}},"24":{"start":{"line":140,"column":30},"end":{"line":140,"column":66}},"25":{"start":{"line":145,"column":13},"end":{"line":156,"column":9}},"26":{"start":{"line":150,"column":5},"end":{"line":156,"column":8}},"27":{"start":{"line":151,"column":2},"end":{"line":156,"column":8}},"28":{"start":{"line":154,"column":10},"end":{"line":154,"column":73}},"29":{"start":{"line":155,"column":10},"end":{"line":155,"column":75}},"30":{"start":{"line":161,"column":13},"end":{"line":167,"column":69}},"31":{"start":{"line":167,"column":8},"end":{"line":167,"column":68}},"32":{"start":{"line":172,"column":13},"end":{"line":182,"column":9}},"33":{"start":{"line":176,"column":5},"end":{"line":182,"column":8}},"34":{"start":{"line":177,"column":2},"end":{"line":182,"column":8}},"35":{"start":{"line":178,"column":10},"end":{"line":178,"column":23}},"36":{"start":{"line":179,"column":10},"end":{"line":179,"column":22}},"37":{"start":{"line":180,"column":10},"end":{"line":180,"column":73}},"38":{"start":{"line":181,"column":10},"end":{"line":181,"column":75}},"39":{"start":{"line":195,"column":4},"end":{"line":195,"column":25}},"40":{"start":{"line":201,"column":2},"end":{"line":201,"column":5}},"41":{"start":{"line":205,"column":2},"end":{"line":205,"column":4}},"42":{"start":{"line":209,"column":2},"end":{"line":209,"column":9}},"43":{"start":{"line":213,"column":2},"end":{"line":213,"column":10}},"44":{"start":{"line":217,"column":2},"end":{"line":217,"column":7}},"45":{"start":{"line":221,"column":2},"end":{"line":221,"column":7}},"46":{"start":{"line":225,"column":2},"end":{"line":225,"column":12}},"47":{"start":{"line":229,"column":2},"end":{"line":229,"column":9}},"48":{"start":{"line":233,"column":2},"end":{"line":233,"column":5}},"49":{"start":{"line":237,"column":2},"end":{"line":237,"column":9}}},"fnMap":{"0":{"name":"(anonymous_0)","decl":{"start":{"line":99,"column":23},"end":{"line":99,"column":27}},"loc":{"start":{"line":99,"column":36},"end":{"line":99,"column":53}}},"1":{"name":"(anonymous_1)","decl":{"start":{"line":104,"column":23},"end":{"line":104,"column":27}},"loc":{"start":{"line":104,"column":36},"end":{"line":104,"column":52}}},"2":{"name":"(anonymous_2)","decl":{"start":{"line":109,"column":25},"end":{"line":109,"column":32}},"loc":{"start":{"line":110,"column":2},"end":{"line":110,"column":37}}},"3":{"name":"(anonymous_3)","decl":{"start":{"line":115,"column":25},"end":{"line":115,"column":32}},"loc":{"start":{"line":116,"column":2},"end":{"line":116,"column":36}}},"4":{"name":"(anonymous_4)","decl":{"start":{"line":121,"column":25},"end":{"line":121,"column":32}},"loc":{"start":{"line":122,"column":2},"end":{"line":127,"column":8}}},"5":{"name":"(anonymous_5)","decl":{"start":{"line":125,"column":4},"end":{"line":125,"column":7}},"loc":{"start":{"line":125,"column":10},"end":{"line":125,"column":13}}},"6":{"name":"(anonymous_6)","decl":{"start":{"line":126,"column":4},"end":{"line":126,"column":5}},"loc":{"start":{"line":126,"column":9},"end":{"line":126,"column":19}}},"7":{"name":"(anonymous_7)","decl":{"start":{"line":132,"column":26},"end":{"line":132,"column":33}},"loc":{"start":{"line":133,"column":2},"end":{"line":133,"column":12}}},"8":{"name":"(anonymous_8)","decl":{"start":{"line":138,"column":26},"end":{"line":138,"column":33}},"loc":{"start":{"line":138,"column":53},"end":{"line":140,"column":66}}},"9":{"name":"(anonymous_9)","decl":{"start":{"line":138,"column":53},"end":{"line":138,"column":null}},"loc":{"start":{"line":140,"column":30},"end":{"line":140,"column":66}}},"10":{"name":"(anonymous_10)","decl":{"start":{"line":145,"column":27},"end":{"line":145,"column":null}},"loc":{"start":{"line":150,"column":5},"end":{"line":156,"column":8}}},"11":{"name":"(anonymous_11)","decl":{"start":{"line":150,"column":5},"end":{"line":150,"column":6}},"loc":{"start":{"line":151,"column":2},"end":{"line":156,"column":8}}},"12":{"name":"(anonymous_12)","decl":{"start":{"line":154,"column":4},"end":{"line":154,"column":5}},"loc":{"start":{"line":154,"column":10},"end":{"line":154,"column":73}}},"13":{"name":"(anonymous_13)","decl":{"start":{"line":155,"column":4},"end":{"line":155,"column":5}},"loc":{"start":{"line":155,"column":10},"end":{"line":155,"column":75}}},"14":{"name":"(anonymous_14)","decl":{"start":{"line":161,"column":28},"end":{"line":161,"column":null}},"loc":{"start":{"line":167,"column":8},"end":{"line":167,"column":68}}},"15":{"name":"(anonymous_15)","decl":{"start":{"line":172,"column":22},"end":{"line":172,"column":null}},"loc":{"start":{"line":176,"column":5},"end":{"line":182,"column":8}}},"16":{"name":"(anonymous_16)","decl":{"start":{"line":176,"column":5},"end":{"line":176,"column":6}},"loc":{"start":{"line":177,"column":2},"end":{"line":182,"column":8}}},"17":{"name":"(anonymous_17)","decl":{"start":{"line":178,"column":4},"end":{"line":178,"column":7}},"loc":{"start":{"line":178,"column":10},"end":{"line":178,"column":23}}},"18":{"name":"(anonymous_18)","decl":{"start":{"line":179,"column":4},"end":{"line":179,"column":7}},"loc":{"start":{"line":179,"column":10},"end":{"line":179,"column":22}}},"19":{"name":"(anonymous_19)","decl":{"start":{"line":180,"column":4},"end":{"line":180,"column":5}},"loc":{"start":{"line":180,"column":10},"end":{"line":180,"column":73}}},"20":{"name":"(anonymous_20)","decl":{"start":{"line":181,"column":4},"end":{"line":181,"column":5}},"loc":{"start":{"line":181,"column":10},"end":{"line":181,"column":75}}}},"branchMap":{"0":{"loc":{"start":{"line":110,"column":2},"end":{"line":110,"column":15}},"type":"binary-expr","locations":[{"start":{"line":110,"column":2},"end":{"line":110,"column":15}},{"start":{"line":110,"column":19},"end":{"line":110,"column":37}}]},"1":{"loc":{"start":{"line":116,"column":2},"end":{"line":116,"column":15}},"type":"binary-expr","locations":[{"start":{"line":116,"column":2},"end":{"line":116,"column":15}},{"start":{"line":116,"column":19},"end":{"line":116,"column":36}}]},"2":{"loc":{"start":{"line":154,"column":23},"end":{"line":154,"column":47}},"type":"cond-expr","locations":[{"start":{"line":154,"column":23},"end":{"line":154,"column":47}},{"start":{"line":154,"column":50},"end":{"line":154,"column":73}}]},"3":{"loc":{"start":{"line":155,"column":23},"end":{"line":155,"column":48}},"type":"cond-expr","locations":[{"start":{"line":155,"column":23},"end":{"line":155,"column":48}},{"start":{"line":155,"column":51},"end":{"line":155,"column":75}}]},"4":{"loc":{"start":{"line":180,"column":23},"end":{"line":180,"column":47}},"type":"cond-expr","locations":[{"start":{"line":180,"column":23},"end":{"line":180,"column":47}},{"start":{"line":180,"column":50},"end":{"line":180,"column":73}}]},"5":{"loc":{"start":{"line":181,"column":23},"end":{"line":181,"column":48}},"type":"cond-expr","locations":[{"start":{"line":181,"column":23},"end":{"line":181,"column":48}},{"start":{"line":181,"column":51},"end":{"line":181,"column":75}}]}},"s":{"0":0,"1":0,"2":0,"3":0,"4":0,"5":0,"6":0,"7":0,"8":0,"9":0,"10":0,"11":0,"12":0,"13":0,"14":0,"15":0,"16":0,"17":0,"18":0,"19":0,"20":0,"21":0,"22":0,"23":0,"24":0,"25":0,"26":0,"27":0,"28":0,"29":0,"30":0,"31":0,"32":0,"33":0,"34":0,"35":0,"36":0,"37":0,"38":0,"39":0,"40":0,"41":0,"42":0,"43":0,"44":0,"45":0,"46":0,"47":0,"48":0,"49":0},"f":{"0":0,"1":0,"2":0,"3":0,"4":0,"5":0,"6":0,"7":0,"8":0,"9":0,"10":0,"11":0,"12":0,"13":0,"14":0,"15":0,"16":0,"17":0,"18":0,"19":0,"20":0},"b":{"0":[0,0],"1":[0,0],"2":[0,0],"3":[0,0],"4":[0,0],"5":[0,0]}}
}
