TN:
SF:/Users/brandon/Documents/github/nullpub/datum/src/Datum.ts
FN:107,(anonymous_0)
FN:117,(anonymous_1)
FN:125,(anonymous_2)
FN:130,(anonymous_3)
FN:137,(anonymous_4)
FN:143,(anonymous_5)
FN:148,(anonymous_6)
FN:164,(anonymous_7)
FN:165,(anonymous_8)
FN:182,(anonymous_9)
FN:183,(anonymous_10)
FN:198,(anonymous_11)
FN:199,(anonymous_12)
FN:202,(anonymous_13)
FN:209,(anonymous_14)
FN:213,(anonymous_15)
FN:214,(anonymous_16)
FN:216,(anonymous_17)
FN:220,(anonymous_18)
FN:221,(anonymous_19)
FN:235,getOrd
FN:238,(anonymous_21)
FN:241,(anonymous_22)
FN:241,(anonymous_23)
FN:241,(anonymous_24)
FN:241,(anonymous_25)
FN:241,(anonymous_26)
FN:243,(anonymous_27)
FN:243,(anonymous_28)
FN:243,(anonymous_29)
FN:243,(anonymous_30)
FN:243,(anonymous_31)
FN:245,(anonymous_32)
FN:246,(anonymous_33)
FN:246,(anonymous_34)
FN:246,(anonymous_35)
FN:246,(anonymous_36)
FN:250,(anonymous_37)
FN:251,(anonymous_38)
FN:251,(anonymous_39)
FN:251,(anonymous_40)
FN:251,(anonymous_41)
FN:261,(anonymous_42)
FN:267,(anonymous_43)
FN:277,(anonymous_44)
FN:285,(anonymous_45)
FN:293,(anonymous_46)
FN:301,(anonymous_47)
FN:307,(anonymous_48)
FN:313,(anonymous_49)
FN:313,(anonymous_50)
FN:320,(anonymous_51)
FN:320,(anonymous_52)
FN:324,(anonymous_53)
FN:325,(anonymous_54)
FN:333,(anonymous_55)
FN:333,(anonymous_56)
FN:341,(anonymous_57)
FN:345,(anonymous_58)
FN:346,(anonymous_59)
FN:352,(anonymous_60)
FN:355,(anonymous_61)
FN:359,(anonymous_62)
FN:363,(anonymous_63)
FN:364,(anonymous_64)
FN:366,(anonymous_65)
FN:370,(anonymous_66)
FN:371,(anonymous_67)
FN:378,(anonymous_68)
FN:384,(anonymous_69)
FN:385,(anonymous_70)
FN:385,(anonymous_71)
FN:385,(anonymous_72)
FN:385,(anonymous_73)
FN:390,(anonymous_74)
FN:390,(anonymous_75)
FN:391,(anonymous_76)
FN:391,(anonymous_77)
FN:396,(anonymous_78)
FN:397,(anonymous_79)
FN:397,(anonymous_80)
FN:397,(anonymous_81)
FN:397,(anonymous_82)
FN:402,(anonymous_83)
FN:402,(anonymous_84)
FN:407,(anonymous_85)
FN:408,(anonymous_86)
FN:409,(anonymous_87)
FN:410,(anonymous_88)
FN:416,(anonymous_89)
FN:416,(anonymous_90)
FN:420,(anonymous_91)
FN:421,(anonymous_92)
FN:422,(anonymous_93)
FN:423,(anonymous_94)
FN:429,(anonymous_95)
FN:435,(anonymous_96)
FN:441,(anonymous_97)
FN:445,(anonymous_98)
FN:446,(anonymous_99)
FN:457,(anonymous_100)
FN:460,(anonymous_101)
FN:465,(anonymous_102)
FN:465,(anonymous_103)
FN:471,(anonymous_104)
FN:475,(anonymous_105)
FN:476,(anonymous_106)
FN:482,(anonymous_107)
FN:488,(anonymous_108)
FN:492,(anonymous_109)
FN:499,(anonymous_110)
FN:505,(anonymous_111)
FN:505,(anonymous_112)
FN:510,(anonymous_113)
FN:511,(anonymous_114)
FN:512,(anonymous_115)
FN:512,(anonymous_116)
FN:513,(anonymous_117)
FN:513,(anonymous_118)
FN:519,(anonymous_119)
FN:519,(anonymous_120)
FN:523,(anonymous_121)
FN:524,(anonymous_122)
FN:535,(anonymous_123)
FNF:124
FNH:85
FNDA:56,(anonymous_0)
FNDA:116,(anonymous_1)
FNDA:28,(anonymous_2)
FNDA:12,(anonymous_3)
FNDA:3,(anonymous_4)
FNDA:180,(anonymous_5)
FNDA:183,(anonymous_6)
FNDA:1,(anonymous_7)
FNDA:2,(anonymous_8)
FNDA:2,(anonymous_9)
FNDA:16,(anonymous_10)
FNDA:2,(anonymous_11)
FNDA:8,(anonymous_12)
FNDA:0,(anonymous_13)
FNDA:0,(anonymous_14)
FNDA:0,(anonymous_15)
FNDA:0,(anonymous_16)
FNDA:5,(anonymous_17)
FNDA:0,(anonymous_18)
FNDA:3,(anonymous_19)
FNDA:1,getOrd
FNDA:18,(anonymous_21)
FNDA:4,(anonymous_22)
FNDA:1,(anonymous_23)
FNDA:1,(anonymous_24)
FNDA:1,(anonymous_25)
FNDA:1,(anonymous_26)
FNDA:4,(anonymous_27)
FNDA:1,(anonymous_28)
FNDA:1,(anonymous_29)
FNDA:1,(anonymous_30)
FNDA:1,(anonymous_31)
FNDA:5,(anonymous_32)
FNDA:1,(anonymous_33)
FNDA:1,(anonymous_34)
FNDA:2,(anonymous_35)
FNDA:1,(anonymous_36)
FNDA:5,(anonymous_37)
FNDA:1,(anonymous_38)
FNDA:1,(anonymous_39)
FNDA:1,(anonymous_40)
FNDA:2,(anonymous_41)
FNDA:2,(anonymous_42)
FNDA:1,(anonymous_43)
FNDA:19,(anonymous_44)
FNDA:19,(anonymous_45)
FNDA:21,(anonymous_46)
FNDA:22,(anonymous_47)
FNDA:0,(anonymous_48)
FNDA:11,(anonymous_49)
FNDA:12,(anonymous_50)
FNDA:3,(anonymous_51)
FNDA:3,(anonymous_52)
FNDA:0,(anonymous_53)
FNDA:2,(anonymous_54)
FNDA:3,(anonymous_55)
FNDA:3,(anonymous_56)
FNDA:28,(anonymous_57)
FNDA:3,(anonymous_58)
FNDA:11,(anonymous_59)
FNDA:16,(anonymous_60)
FNDA:4,(anonymous_61)
FNDA:4,(anonymous_62)
FNDA:1,(anonymous_63)
FNDA:1,(anonymous_64)
FNDA:4,(anonymous_65)
FNDA:1,(anonymous_66)
FNDA:1,(anonymous_67)
FNDA:8,(anonymous_68)
FNDA:2,(anonymous_69)
FNDA:1,(anonymous_70)
FNDA:0,(anonymous_71)
FNDA:0,(anonymous_72)
FNDA:1,(anonymous_73)
FNDA:1,(anonymous_74)
FNDA:2,(anonymous_75)
FNDA:1,(anonymous_76)
FNDA:0,(anonymous_77)
FNDA:2,(anonymous_78)
FNDA:1,(anonymous_79)
FNDA:0,(anonymous_80)
FNDA:0,(anonymous_81)
FNDA:1,(anonymous_82)
FNDA:0,(anonymous_83)
FNDA:0,(anonymous_84)
FNDA:0,(anonymous_85)
FNDA:0,(anonymous_86)
FNDA:0,(anonymous_87)
FNDA:0,(anonymous_88)
FNDA:0,(anonymous_89)
FNDA:0,(anonymous_90)
FNDA:0,(anonymous_91)
FNDA:0,(anonymous_92)
FNDA:0,(anonymous_93)
FNDA:0,(anonymous_94)
FNDA:27,(anonymous_95)
FNDA:2,(anonymous_96)
FNDA:6,(anonymous_97)
FNDA:0,(anonymous_98)
FNDA:4,(anonymous_99)
FNDA:6,(anonymous_100)
FNDA:4,(anonymous_101)
FNDA:2,(anonymous_102)
FNDA:0,(anonymous_103)
FNDA:9,(anonymous_104)
FNDA:0,(anonymous_105)
FNDA:6,(anonymous_106)
FNDA:3,(anonymous_107)
FNDA:3,(anonymous_108)
FNDA:2,(anonymous_109)
FNDA:3,(anonymous_110)
FNDA:0,(anonymous_111)
FNDA:0,(anonymous_112)
FNDA:0,(anonymous_113)
FNDA:0,(anonymous_114)
FNDA:0,(anonymous_115)
FNDA:0,(anonymous_116)
FNDA:0,(anonymous_117)
FNDA:0,(anonymous_118)
FNDA:0,(anonymous_119)
FNDA:0,(anonymous_120)
FNDA:0,(anonymous_121)
FNDA:0,(anonymous_122)
FNDA:1,(anonymous_123)
DA:14,1
DA:19,1
DA:24,1
DA:27,1
DA:42,1
DA:89,1
DA:98,1
DA:107,56
DA:117,116
DA:125,28
DA:130,12
DA:137,1
DA:138,3
DA:143,1
DA:148,180
DA:149,183
DA:151,54
DA:153,36
DA:155,29
DA:157,64
DA:164,1
DA:166,2
DA:168,1
DA:170,0
DA:172,0
DA:174,1
DA:182,2
DA:184,16
DA:198,2
DA:200,8
DA:203,0
DA:210,0
DA:213,0
DA:214,0
DA:217,5
DA:220,0
DA:221,3
DA:235,1
DA:236,1
DA:239,18
DA:241,4
DA:243,4
DA:246,5
DA:251,5
DA:261,1
DA:262,2
DA:267,1
DA:277,1
DA:278,19
DA:285,1
DA:286,19
DA:293,1
DA:294,21
DA:301,1
DA:302,22
DA:307,1
DA:308,0
DA:313,11
DA:315,12
DA:320,3
DA:321,3
DA:324,0
DA:325,2
DA:333,3
DA:336,3
DA:341,1
DA:342,28
DA:345,3
DA:346,11
DA:352,1
DA:353,16
DA:356,4
DA:360,4
DA:363,1
DA:364,1
DA:367,4
DA:370,1
DA:371,1
DA:378,1
DA:379,8
DA:384,1
DA:385,2
DA:390,1
DA:391,2
DA:396,1
DA:397,2
DA:402,1
DA:406,0
DA:407,0
DA:408,0
DA:409,0
DA:410,0
DA:416,1
DA:419,0
DA:420,0
DA:421,0
DA:422,0
DA:423,0
DA:429,1
DA:430,27
DA:435,1
DA:436,2
DA:441,1
DA:442,6
DA:445,0
DA:446,4
DA:449,1
DA:457,1
DA:460,6
DA:465,6
DA:471,1
DA:472,9
DA:475,0
DA:476,6
DA:482,1
DA:483,3
DA:488,1
DA:491,3
DA:492,2
DA:499,1
DA:500,3
DA:505,1
DA:509,0
DA:510,0
DA:511,0
DA:512,0
DA:513,0
DA:519,1
DA:523,0
DA:524,0
DA:529,0
DA:535,1
DA:540,1
DA:594,1
DA:600,1
DA:604,1
DA:608,1
DA:612,1
DA:616,1
DA:620,1
DA:624,1
DA:628,1
DA:632,1
DA:636,1
DA:640,1
DA:644,1
DA:648,1
DA:652,1
DA:656,1
DA:660,1
DA:664,1
DA:668,1
DA:672,1
DA:676,1
LF:154
LH:125
BRDA:138,0,0,2
BRDA:138,0,1,1
BRDA:138,1,0,3
BRDA:138,1,1,2
BRDA:150,2,0,54
BRDA:150,2,1,36
BRDA:150,2,2,29
BRDA:150,2,3,64
BRDA:167,3,0,1
BRDA:167,3,1,0
BRDA:167,3,2,0
BRDA:167,3,3,1
BRDA:184,4,0,16
BRDA:184,4,1,14
BRDA:184,4,2,4
BRDA:184,4,3,1
BRDA:184,4,4,13
BRDA:184,4,5,4
BRDA:184,4,6,1
BRDA:184,4,7,12
BRDA:184,4,8,3
BRDA:184,4,9,12
BRDA:184,4,10,3
BRDA:308,5,0,0
BRDA:308,5,1,0
BRDA:445,6,0,0
BRDA:445,6,1,0
BRDA:446,7,0,2
BRDA:446,7,1,2
BRDA:461,8,0,2
BRDA:461,8,1,2
BRDA:462,9,0,2
BRDA:462,9,1,2
BRDA:475,10,0,0
BRDA:475,10,1,0
BRDA:476,11,0,3
BRDA:476,11,1,3
BRDA:512,12,0,0
BRDA:512,12,1,0
BRDA:513,13,0,0
BRDA:513,13,1,0
BRDA:525,14,0,0
BRDA:525,14,1,0
BRDA:526,15,0,0
BRDA:526,15,1,0
BRDA:529,16,0,0
BRDA:529,16,1,0
BRF:47
BRH:29
end_of_record
TN:
SF:/Users/brandon/Documents/github/nullpub/datum/src/DatumEither.ts
FN:99,(anonymous_0)
FN:104,(anonymous_1)
FN:109,(anonymous_2)
FN:115,(anonymous_3)
FN:121,(anonymous_4)
FN:125,(anonymous_5)
FN:126,(anonymous_6)
FN:132,(anonymous_7)
FN:138,(anonymous_8)
FN:138,(anonymous_9)
FN:145,(anonymous_10)
FN:150,(anonymous_11)
FN:154,(anonymous_12)
FN:155,(anonymous_13)
FN:161,(anonymous_14)
FN:172,(anonymous_15)
FN:176,(anonymous_16)
FN:178,(anonymous_17)
FN:179,(anonymous_18)
FN:180,(anonymous_19)
FN:181,(anonymous_20)
FNF:21
FNH:0
FNDA:0,(anonymous_0)
FNDA:0,(anonymous_1)
FNDA:0,(anonymous_2)
FNDA:0,(anonymous_3)
FNDA:0,(anonymous_4)
FNDA:0,(anonymous_5)
FNDA:0,(anonymous_6)
FNDA:0,(anonymous_7)
FNDA:0,(anonymous_8)
FNDA:0,(anonymous_9)
FNDA:0,(anonymous_10)
FNDA:0,(anonymous_11)
FNDA:0,(anonymous_12)
FNDA:0,(anonymous_13)
FNDA:0,(anonymous_14)
FNDA:0,(anonymous_15)
FNDA:0,(anonymous_16)
FNDA:0,(anonymous_17)
FNDA:0,(anonymous_18)
FNDA:0,(anonymous_19)
FNDA:0,(anonymous_20)
DA:21,0
DA:31,0
DA:33,0
DA:35,0
DA:66,0
DA:91,0
DA:99,0
DA:104,0
DA:109,0
DA:110,0
DA:115,0
DA:116,0
DA:121,0
DA:122,0
DA:125,0
DA:126,0
DA:132,0
DA:133,0
DA:138,0
DA:140,0
DA:145,0
DA:150,0
DA:151,0
DA:154,0
DA:155,0
DA:161,0
DA:167,0
DA:172,0
DA:176,0
DA:177,0
DA:178,0
DA:179,0
DA:180,0
DA:181,0
DA:195,0
DA:201,0
DA:205,0
DA:209,0
DA:213,0
DA:217,0
DA:221,0
DA:225,0
DA:229,0
DA:233,0
DA:237,0
DA:241,0
DA:245,0
LF:47
LH:0
BRDA:110,0,0,0
BRDA:110,0,1,0
BRDA:116,1,0,0
BRDA:116,1,1,0
BRDA:154,2,0,0
BRDA:154,2,1,0
BRDA:155,3,0,0
BRDA:155,3,1,0
BRDA:180,4,0,0
BRDA:180,4,1,0
BRDA:181,5,0,0
BRDA:181,5,1,0
BRF:12
BRH:0
end_of_record
